<?xml version="1.0" encoding="UTF-8"?>
<!-- Generated by org.testng.reporters.JUnitReportReporter -->
<testsuite hostname="DESKTOP-BKS66NO" failures="0" tests="6" name="Testing.TestNG1" time="0.013" errors="0" timestamp="2022-10-07T19:38:22 IST" skipped="0">
  <testcase classname="Testing.TestNG1" name="test2" time="0.002"/>
  <system-out/>
  <testcase classname="Testing.TestNG1" name="test1" time="0.000"/>
  <system-out/>
  <testcase classname="Testing.TestNG1" name="test3" time="0.002"/>
  <system-out/>
  <testcase classname="Testing.TestNG1" name="test1" time="0.007"/>
  <system-out/>
  <testcase classname="Testing.TestNG1" name="test3" time="0.001"/>
  <system-out/>
  <testcase classname="Testing.TestNG1" name="test2" time="0.001"/>
  <system-out/>
</testsuite> <!-- Testing.TestNG1 -->
