<?xml version="1.0" encoding="UTF-8"?>
<!-- Generated by org.testng.reporters.JUnitReportReporter -->
<testsuite hostname="DESKTOP-BKS66NO" failures="0" tests="4" name="Testing.TestNG2" time="0.005" errors="0" timestamp="2022-10-07T19:38:22 IST" skipped="0">
  <testcase classname="Testing.TestNG2" name="testA" time="0.001"/>
  <system-out/>
  <testcase classname="Testing.TestNG2" name="testB" time="0.001"/>
  <system-out/>
  <testcase classname="Testing.TestNG2" name="testB" time="0.001"/>
  <system-out/>
  <testcase classname="Testing.TestNG2" name="testA" time="0.002"/>
  <system-out/>
</testsuite> <!-- Testing.TestNG2 -->
